<?xml version="1.0" encoding="UTF-8"?>
<testsuite name="com.rezeptapp.backend.RezeptappBackendApplicationTests" tests="1" skipped="1" failures="0" errors="0" timestamp="2025-05-25T20:41:51.213Z" hostname="MacBook-Air-von-Mahmoud.local" time="0.0">
  <properties/>
  <testcase name="contextLoads()" classname="com.rezeptapp.backend.RezeptappBackendApplicationTests" time="0.0">
    <skipped/>
  </testcase>
  <system-out><![CDATA[]]></system-out>
  <system-err><![CDATA[]]></system-err>
</testsuite>
