<?xml version="1.0" encoding="UTF-8"?>
<testsuite name="com.rezeptapp.backend.RezeptappBackendApplicationTests" tests="1" skipped="0" failures="0" errors="0" timestamp="2025-05-26T09:03:18.183Z" hostname="MacBook-Air-von-Mahmoud.local" time="0.002">
  <properties/>
  <testcase name="contextLoads()" classname="com.rezeptapp.backend.RezeptappBackendApplicationTests" time="0.002"/>
  <system-out><![CDATA[2025-05-26T11:03:13.319+02:00  INFO 35538 --- [    Test worker] t.c.s.AnnotationConfigContextLoaderUtils : Could not detect default configuration classes for test class [com.rezeptapp.backend.RezeptappBackendApplicationTests]: RezeptappBackendApplicationTests does not declare any static, non-private, non-final, nested classes annotated with @Configuration.
2025-05-26T11:03:13.320+02:00  INFO 35538 --- [    Test worker] .b.t.c.SpringBootTestContextBootstrapper : Found @SpringBootConfiguration com.rezeptapp.backend.RezeptappBackendApplication for test class com.rezeptapp.backend.RezeptappBackendApplicationTests

  .   ____          _            __ _ _
 /\\ / ___'_ __ _ _(_)_ __  __ _ \ \ \ \
( ( )\___ | '_ | '_| | '_ \/ _` | \ \ \ \
 \\/  ___)| |_)| | | | | || (_| |  ) ) ) )
  '  |____| .__|_| |_|_| |_\__, | / / / /
 =========|_|==============|___/=/_/_/_/

 :: Spring Boot ::                (v3.4.5)

2025-05-26T11:03:13.334+02:00  INFO 35538 --- [    Test worker] c.r.b.RezeptappBackendApplicationTests   : Starting RezeptappBackendApplicationTests using Java 21.0.4 with PID 35538 (started by elhassanmahmoud in /Users/elhassanmahmoud/Documents/backend-rezeptapp)
2025-05-26T11:03:13.334+02:00  INFO 35538 --- [    Test worker] c.r.b.RezeptappBackendApplicationTests   : The following 1 profile is active: "test"
2025-05-26T11:03:13.430+02:00  INFO 35538 --- [    Test worker] .s.d.r.c.RepositoryConfigurationDelegate : Bootstrapping Spring Data JPA repositories in DEFAULT mode.
2025-05-26T11:03:13.441+02:00  INFO 35538 --- [    Test worker] .s.d.r.c.RepositoryConfigurationDelegate : Finished Spring Data repository scanning in 8 ms. Found 1 JPA repository interface.
2025-05-26T11:03:13.522+02:00  INFO 35538 --- [    Test worker] o.hibernate.jpa.internal.util.LogHelper  : HHH000204: Processing PersistenceUnitInfo [name: default]
2025-05-26T11:03:13.537+02:00  INFO 35538 --- [    Test worker] org.hibernate.Version                    : HHH000412: Hibernate ORM core version 6.6.13.Final
2025-05-26T11:03:13.549+02:00  INFO 35538 --- [    Test worker] o.h.c.internal.RegionFactoryInitiator    : HHH000026: Second-level cache disabled
2025-05-26T11:03:13.587+02:00  INFO 35538 --- [    Test worker] o.s.o.j.p.SpringPersistenceUnitInfo      : No LoadTimeWeaver setup: ignoring JPA class transformer
2025-05-26T11:03:13.598+02:00  INFO 35538 --- [    Test worker] com.zaxxer.hikari.HikariDataSource       : HikariPool-1 - Starting...
2025-05-26T11:03:15.568+02:00  INFO 35538 --- [    Test worker] com.zaxxer.hikari.pool.HikariPool        : HikariPool-1 - Added connection org.postgresql.jdbc.PgConnection@8aafd70
2025-05-26T11:03:15.571+02:00  INFO 35538 --- [    Test worker] com.zaxxer.hikari.HikariDataSource       : HikariPool-1 - Start completed.
2025-05-26T11:03:15.763+02:00  WARN 35538 --- [    Test worker] org.hibernate.orm.deprecation            : HHH90000025: PostgreSQLDialect does not need to be specified explicitly using 'hibernate.dialect' (remove the property setting and it will be selected by default)
2025-05-26T11:03:16.422+02:00  INFO 35538 --- [    Test worker] org.hibernate.orm.connections.pooling    : HHH10001005: Database info:
	Database JDBC URL [Connecting through datasource 'HikariDataSource (HikariPool-1)']
	Database driver: undefined/unknown
	Database version: 16.8
	Autocommit mode: undefined/unknown
	Isolation level: undefined/unknown
	Minimum pool size: undefined/unknown
	Maximum pool size: undefined/unknown
2025-05-26T11:03:16.665+02:00  INFO 35538 --- [    Test worker] o.h.e.t.j.p.i.JtaPlatformInitiator       : HHH000489: No JTA platform available (set 'hibernate.transaction.jta.platform' to enable JTA platform integration)
2025-05-26T11:03:18.001+02:00  INFO 35538 --- [    Test worker] j.LocalContainerEntityManagerFactoryBean : Initialized JPA EntityManagerFactory for persistence unit 'default'
2025-05-26T11:03:18.125+02:00  WARN 35538 --- [    Test worker] JpaBaseConfiguration$JpaWebConfiguration : spring.jpa.open-in-view is enabled by default. Therefore, database queries may be performed during view rendering. Explicitly configure spring.jpa.open-in-view to disable this warning
2025-05-26T11:03:18.183+02:00  INFO 35538 --- [    Test worker] c.r.b.RezeptappBackendApplicationTests   : Started RezeptappBackendApplicationTests in 4.861 seconds (process running for 6.289)
]]></system-out>
  <system-err><![CDATA[]]></system-err>
</testsuite>
