<?xml version="1.0" encoding="UTF-8"?>
<testsuite name="com.rezeptapp.backend.RezeptappBackendApplicationTests" tests="1" skipped="0" failures="0" errors="0" timestamp="2025-05-26T11:47:55.622Z" hostname="MacBook-Air-von-Mahmoud.local" time="0.281">
  <properties/>
  <testcase name="contextLoads()" classname="com.rezeptapp.backend.RezeptappBackendApplicationTests" time="0.281"/>
  <system-out><![CDATA[13:47:50.393 [Test worker] INFO org.springframework.test.context.support.AnnotationConfigContextLoaderUtils -- Could not detect default configuration classes for test class [com.rezeptapp.backend.RezeptappBackendApplicationTests]: RezeptappBackendApplicationTests does not declare any static, non-private, non-final, nested classes annotated with @Configuration.
13:47:50.444 [Test worker] INFO org.springframework.boot.test.context.SpringBootTestContextBootstrapper -- Found @SpringBootConfiguration com.rezeptapp.backend.RezeptappBackendApplication for test class com.rezeptapp.backend.RezeptappBackendApplicationTests

  .   ____          _            __ _ _
 /\\ / ___'_ __ _ _(_)_ __  __ _ \ \ \ \
( ( )\___ | '_ | '_| | '_ \/ _` | \ \ \ \
 \\/  ___)| |_)| | | | | || (_| |  ) ) ) )
  '  |____| .__|_| |_|_| |_\__, | / / / /
 =========|_|==============|___/=/_/_/_/

 :: Spring Boot ::                (v3.4.5)

2025-05-26T13:47:50.588+02:00  INFO 40911 --- [    Test worker] c.r.b.RezeptappBackendApplicationTests   : Starting RezeptappBackendApplicationTests using Java 21.0.4 with PID 40911 (started by elhassanmahmoud in /Users/elhassanmahmoud/Documents/backend-rezeptapp)
2025-05-26T13:47:50.588+02:00  INFO 40911 --- [    Test worker] c.r.b.RezeptappBackendApplicationTests   : The following 1 profile is active: "test"
2025-05-26T13:47:50.790+02:00  INFO 40911 --- [    Test worker] .s.d.r.c.RepositoryConfigurationDelegate : Bootstrapping Spring Data JPA repositories in DEFAULT mode.
2025-05-26T13:47:50.808+02:00  INFO 40911 --- [    Test worker] .s.d.r.c.RepositoryConfigurationDelegate : Finished Spring Data repository scanning in 14 ms. Found 1 JPA repository interface.
2025-05-26T13:47:50.928+02:00  INFO 40911 --- [    Test worker] o.hibernate.jpa.internal.util.LogHelper  : HHH000204: Processing PersistenceUnitInfo [name: default]
2025-05-26T13:47:50.952+02:00  INFO 40911 --- [    Test worker] org.hibernate.Version                    : HHH000412: Hibernate ORM core version 6.6.13.Final
2025-05-26T13:47:50.965+02:00  INFO 40911 --- [    Test worker] o.h.c.internal.RegionFactoryInitiator    : HHH000026: Second-level cache disabled
2025-05-26T13:47:51.061+02:00  INFO 40911 --- [    Test worker] o.s.o.j.p.SpringPersistenceUnitInfo      : No LoadTimeWeaver setup: ignoring JPA class transformer
2025-05-26T13:47:51.071+02:00  INFO 40911 --- [    Test worker] com.zaxxer.hikari.HikariDataSource       : HikariPool-1 - Starting...
2025-05-26T13:47:53.430+02:00  INFO 40911 --- [    Test worker] com.zaxxer.hikari.pool.HikariPool        : HikariPool-1 - Added connection org.postgresql.jdbc.PgConnection@4e5364a3
2025-05-26T13:47:53.432+02:00  INFO 40911 --- [    Test worker] com.zaxxer.hikari.HikariDataSource       : HikariPool-1 - Start completed.
2025-05-26T13:47:53.629+02:00  WARN 40911 --- [    Test worker] org.hibernate.orm.deprecation            : HHH90000025: PostgreSQLDialect does not need to be specified explicitly using 'hibernate.dialect' (remove the property setting and it will be selected by default)
2025-05-26T13:47:53.987+02:00  INFO 40911 --- [    Test worker] org.hibernate.orm.connections.pooling    : HHH10001005: Database info:
	Database JDBC URL [Connecting through datasource 'HikariDataSource (HikariPool-1)']
	Database driver: undefined/unknown
	Database version: 16.8
	Autocommit mode: undefined/unknown
	Isolation level: undefined/unknown
	Minimum pool size: undefined/unknown
	Maximum pool size: undefined/unknown
2025-05-26T13:47:54.279+02:00  INFO 40911 --- [    Test worker] o.h.e.t.j.p.i.JtaPlatformInitiator       : HHH000489: No JTA platform available (set 'hibernate.transaction.jta.platform' to enable JTA platform integration)
2025-05-26T13:47:55.314+02:00  INFO 40911 --- [    Test worker] j.LocalContainerEntityManagerFactoryBean : Initialized JPA EntityManagerFactory for persistence unit 'default'
2025-05-26T13:47:55.472+02:00  WARN 40911 --- [    Test worker] JpaBaseConfiguration$JpaWebConfiguration : spring.jpa.open-in-view is enabled by default. Therefore, database queries may be performed during view rendering. Explicitly configure spring.jpa.open-in-view to disable this warning
2025-05-26T13:47:55.615+02:00  INFO 40911 --- [    Test worker] c.r.b.RezeptappBackendApplicationTests   : Started RezeptappBackendApplicationTests in 5.119 seconds (process running for 5.661)
]]></system-out>
  <system-err><![CDATA[Mockito is currently self-attaching to enable the inline-mock-maker. This will no longer work in future releases of the JDK. Please add Mockito as an agent to your build what is described in Mockito's documentation: https://javadoc.io/doc/org.mockito/mockito-core/latest/org/mockito/Mockito.html#0.3
WARNING: A Java agent has been loaded dynamically (/Users/elhassanmahmoud/.gradle/caches/modules-2/files-2.1/net.bytebuddy/byte-buddy-agent/1.15.11/a38b16385e867f59a641330f0362ebe742788ed8/byte-buddy-agent-1.15.11.jar)
WARNING: If a serviceability tool is in use, please run with -XX:+EnableDynamicAgentLoading to hide this warning
WARNING: If a serviceability tool is not in use, please run with -Djdk.instrument.traceUsage for more information
WARNING: Dynamic loading of agents will be disallowed by default in a future release
]]></system-err>
</testsuite>
