<?xml version="1.0" encoding="UTF-8"?>
<testsuite name="com.rezeptapp.backend.RezeptControllerTest" tests="2" skipped="0" failures="0" errors="0" timestamp="2025-06-27T14:30:17.822Z" hostname="MacBook-Air-von-Mahmoud.local" time="0.099">
  <properties/>
  <testcase name="testGetSingleRezept()" classname="com.rezeptapp.backend.RezeptControllerTest" time="0.091"/>
  <testcase name="testGetAllRezepte()" classname="com.rezeptapp.backend.RezeptControllerTest" time="0.007"/>
  <system-out><![CDATA[16:30:16.444 [Test worker] INFO org.springframework.test.context.support.AnnotationConfigContextLoaderUtils -- Could not detect default configuration classes for test class [com.rezeptapp.backend.RezeptControllerTest]: RezeptControllerTest does not declare any static, non-private, non-final, nested classes annotated with @Configuration.
16:30:16.665 [Test worker] INFO org.springframework.boot.test.context.SpringBootTestContextBootstrapper -- Found @SpringBootConfiguration com.rezeptapp.backend.RezeptappBackendApplication for test class com.rezeptapp.backend.RezeptControllerTest

  .   ____          _            __ _ _
 /\\ / ___'_ __ _ _(_)_ __  __ _ \ \ \ \
( ( )\___ | '_ | '_| | '_ \/ _` | \ \ \ \
 \\/  ___)| |_)| | | | | || (_| |  ) ) ) )
  '  |____| .__|_| |_|_| |_\__, | / / / /
 =========|_|==============|___/=/_/_/_/

 :: Spring Boot ::                (v3.4.5)

2025-06-27T16:30:16.858+02:00  INFO 33718 --- [    Test worker] c.r.backend.RezeptControllerTest         : Starting RezeptControllerTest using Java 21.0.4 with PID 33718 (started by elhassanmahmoud in /Users/elhassanmahmoud/Documents/backend-rezeptapp)
2025-06-27T16:30:16.858+02:00  INFO 33718 --- [    Test worker] c.r.backend.RezeptControllerTest         : No active profile set, falling back to 1 default profile: "default"
2025-06-27T16:30:17.793+02:00  INFO 33718 --- [    Test worker] o.s.b.t.m.w.SpringBootMockServletContext : Initializing Spring TestDispatcherServlet ''
2025-06-27T16:30:17.793+02:00  INFO 33718 --- [    Test worker] o.s.t.web.servlet.TestDispatcherServlet  : Initializing Servlet ''
2025-06-27T16:30:17.796+02:00  INFO 33718 --- [    Test worker] o.s.t.web.servlet.TestDispatcherServlet  : Completed initialization in 2 ms
2025-06-27T16:30:17.818+02:00  INFO 33718 --- [    Test worker] c.r.backend.RezeptControllerTest         : Started RezeptControllerTest in 1.098 seconds (process running for 2.03)
]]>&#x1f4e5;<![CDATA[ /rezepte wurde aufgerufen
]]></system-out>
  <system-err><![CDATA[Mockito is currently self-attaching to enable the inline-mock-maker. This will no longer work in future releases of the JDK. Please add Mockito as an agent to your build what is described in Mockito's documentation: https://javadoc.io/doc/org.mockito/mockito-core/latest/org/mockito/Mockito.html#0.3
WARNING: A Java agent has been loaded dynamically (/Users/elhassanmahmoud/.gradle/caches/modules-2/files-2.1/net.bytebuddy/byte-buddy-agent/1.15.11/a38b16385e867f59a641330f0362ebe742788ed8/byte-buddy-agent-1.15.11.jar)
WARNING: If a serviceability tool is in use, please run with -XX:+EnableDynamicAgentLoading to hide this warning
WARNING: If a serviceability tool is not in use, please run with -Djdk.instrument.traceUsage for more information
WARNING: Dynamic loading of agents will be disallowed by default in a future release
]]></system-err>
</testsuite>
